0 info it worked if it ends with ok
1 verbose cli [ '/home/ubuntu/.nvm/versions/node/v4.1.2/bin/node',
1 verbose cli   '/home/ubuntu/.nvm/versions/node/v4.1.2/bin/npm',
1 verbose cli   'run',
1 verbose cli   'dev' ]
2 info using npm@2.14.4
3 info using node@v4.1.2
4 verbose run-script [ 'predev', 'dev', 'postdev' ]
5 info predev free-code-camp-js-calculator@1.0.0
6 info dev free-code-camp-js-calculator@1.0.0
7 verbose unsafe-perm in lifecycle true
8 info free-code-camp-js-calculator@1.0.0 Failed to exec dev script
9 verbose stack Error: free-code-camp-js-calculator@1.0.0 dev: `webpack-dev-server --hot --inline --port $PORT --host $IP --public $C9_HOSTNAME`
9 verbose stack Exit status 137
9 verbose stack     at EventEmitter.<anonymous> (/home/ubuntu/.nvm/versions/node/v4.1.2/lib/node_modules/npm/lib/utils/lifecycle.js:214:16)
9 verbose stack     at emitTwo (events.js:87:13)
9 verbose stack     at EventEmitter.emit (events.js:172:7)
9 verbose stack     at ChildProcess.<anonymous> (/home/ubuntu/.nvm/versions/node/v4.1.2/lib/node_modules/npm/lib/utils/spawn.js:24:14)
9 verbose stack     at emitTwo (events.js:87:13)
9 verbose stack     at ChildProcess.emit (events.js:172:7)
9 verbose stack     at maybeClose (internal/child_process.js:818:16)
9 verbose stack     at Process.ChildProcess._handle.onexit (internal/child_process.js:211:5)
10 verbose pkgid free-code-camp-js-calculator@1.0.0
11 verbose cwd /home/ubuntu/workspace/Front-End Development Projects/Calculator
12 error Linux 4.9.17-c9
13 error argv "/home/ubuntu/.nvm/versions/node/v4.1.2/bin/node" "/home/ubuntu/.nvm/versions/node/v4.1.2/bin/npm" "run" "dev"
14 error node v4.1.2
15 error npm  v2.14.4
16 error code ELIFECYCLE
17 error free-code-camp-js-calculator@1.0.0 dev: `webpack-dev-server --hot --inline --port $PORT --host $IP --public $C9_HOSTNAME`
17 error Exit status 137
18 error Failed at the free-code-camp-js-calculator@1.0.0 dev script 'webpack-dev-server --hot --inline --port $PORT --host $IP --public $C9_HOSTNAME'.
18 error This is most likely a problem with the free-code-camp-js-calculator package,
18 error not with npm itself.
18 error Tell the author that this fails on your system:
18 error     webpack-dev-server --hot --inline --port $PORT --host $IP --public $C9_HOSTNAME
18 error You can get their info via:
18 error     npm owner ls free-code-camp-js-calculator
18 error There is likely additional logging output above.
19 verbose exit [ 1, true ]
